<?xml version="1.0" encoding="UTF-8"?>
<!-- Generated by org.testng.reporters.JUnitXMLReporter -->
<testsuite ignored="0" hostname="LAPTOP-999Q0O7K" failures="1" tests="4" name="Test" time="116.18" errors="0" timestamp="2024-12-07T17:14:15 IST">
  <testcase classname="com.ui.tests.LoginTest" name="loginExcelTest" time="2.922">
    <skipped/>
  </testcase> <!-- loginExcelTest -->
  <testcase classname="com.ui.tests.LoginTest" name="loginExcelTest" time="2.931">
    <skipped/>
  </testcase> <!-- loginExcelTest -->
  <testcase classname="com.ui.tests.LoginTest" name="loginExcelTest" time="4.691">
    <skipped/>
  </testcase> <!-- loginExcelTest -->
  <testcase classname="com.ui.tests.LoginTest" name="loginExcelTest" time="2.881">
    <failure type="java.lang.AssertionError" message="expected [Raghav Kumar] but found [Ankit Sharma]">
      <![CDATA[java.lang.AssertionError: expected [Raghav Kumar] but found [Ankit Sharma]
at com.ui.tests.LoginTest.loginExcelTest(LoginTest.java:53)
at java.base/java.util.concurrent.Executors$RunnableAdapter.call(Executors.java:572)
at java.base/java.util.concurrent.FutureTask.run(FutureTask.java:317)
at java.base/java.util.concurrent.ThreadPoolExecutor.runWorker(ThreadPoolExecutor.java:1144)
at java.base/java.util.concurrent.ThreadPoolExecutor$Worker.run(ThreadPoolExecutor.java:642)
at java.base/java.lang.Thread.run(Thread.java:1583)
... Removed 17 stack frames]]>
    </failure>
  </testcase> <!-- loginExcelTest -->
</testsuite> <!-- Test -->
